Determining if the pthread_create exist failed with the following output:
Change Dir: /home/qwerthjkl45/AI/CV2/Assignment3/Code/build/CMakeFiles/CMakeTmp

Run Build Command:"/usr/bin/make" "cmTC_c884f/fast"
/usr/bin/make -f CMakeFiles/cmTC_c884f.dir/build.make CMakeFiles/cmTC_c884f.dir/build
make[1]: Entering directory '/home/qwerthjkl45/AI/CV2/Assignment3/Code/build/CMakeFiles/CMakeTmp'
Building C object CMakeFiles/cmTC_c884f.dir/CheckSymbolExists.c.o
/usr/bin/cc    -o CMakeFiles/cmTC_c884f.dir/CheckSymbolExists.c.o   -c /home/qwerthjkl45/AI/CV2/Assignment3/Code/build/CMakeFiles/CMakeTmp/CheckSymbolExists.c
Linking C executable cmTC_c884f
/usr/local/bin/cmake -E cmake_link_script CMakeFiles/cmTC_c884f.dir/link.txt --verbose=1
/usr/bin/cc      -rdynamic CMakeFiles/cmTC_c884f.dir/CheckSymbolExists.c.o  -o cmTC_c884f 
CMakeFiles/cmTC_c884f.dir/CheckSymbolExists.c.o: In function `main':
CheckSymbolExists.c:(.text+0x16): undefined reference to `pthread_create'
collect2: error: ld returned 1 exit status
CMakeFiles/cmTC_c884f.dir/build.make:86: recipe for target 'cmTC_c884f' failed
make[1]: *** [cmTC_c884f] Error 1
make[1]: Leaving directory '/home/qwerthjkl45/AI/CV2/Assignment3/Code/build/CMakeFiles/CMakeTmp'
Makefile:126: recipe for target 'cmTC_c884f/fast' failed
make: *** [cmTC_c884f/fast] Error 2

File /home/qwerthjkl45/AI/CV2/Assignment3/Code/build/CMakeFiles/CMakeTmp/CheckSymbolExists.c:
/* */
#include <pthread.h>

int main(int argc, char** argv)
{
  (void)argv;
#ifndef pthread_create
  return ((int*)(&pthread_create))[argc];
#else
  (void)argc;
  return 0;
#endif
}

Determining if the function pthread_create exists in the pthreads failed with the following output:
Change Dir: /home/qwerthjkl45/AI/CV2/Assignment3/Code/build/CMakeFiles/CMakeTmp

Run Build Command:"/usr/bin/make" "cmTC_704cb/fast"
/usr/bin/make -f CMakeFiles/cmTC_704cb.dir/build.make CMakeFiles/cmTC_704cb.dir/build
make[1]: Entering directory '/home/qwerthjkl45/AI/CV2/Assignment3/Code/build/CMakeFiles/CMakeTmp'
Building C object CMakeFiles/cmTC_704cb.dir/CheckFunctionExists.c.o
/usr/bin/cc   -DCHECK_FUNCTION_EXISTS=pthread_create   -o CMakeFiles/cmTC_704cb.dir/CheckFunctionExists.c.o   -c /usr/local/share/cmake-3.11/Modules/CheckFunctionExists.c
Linking C executable cmTC_704cb
/usr/local/bin/cmake -E cmake_link_script CMakeFiles/cmTC_704cb.dir/link.txt --verbose=1
/usr/bin/cc  -DCHECK_FUNCTION_EXISTS=pthread_create    -rdynamic CMakeFiles/cmTC_704cb.dir/CheckFunctionExists.c.o  -o cmTC_704cb -lpthreads 
/usr/bin/ld: cannot find -lpthreads
collect2: error: ld returned 1 exit status
CMakeFiles/cmTC_704cb.dir/build.make:86: recipe for target 'cmTC_704cb' failed
make[1]: *** [cmTC_704cb] Error 1
make[1]: Leaving directory '/home/qwerthjkl45/AI/CV2/Assignment3/Code/build/CMakeFiles/CMakeTmp'
Makefile:126: recipe for target 'cmTC_704cb/fast' failed
make: *** [cmTC_704cb/fast] Error 2


